<?xml version="1.0" encoding="UTF-8"?>
<!-- Generated by org.testng.reporters.JUnitReportReporter -->
<testsuite hostname="LAPTOP-7O70S0L3" failures="0" tests="1" name="testCases.TC001_AccountRegistrationTest" time="3.804" errors="0" timestamp="2024-12-26T12:47:59 IST" skipped="0">
  <testcase classname="testCases.TC001_AccountRegistrationTest" name="verify_account_registration" time="3.804"/>
  <system-out/>
</testsuite> <!-- testCases.TC001_AccountRegistrationTest -->
