<?xml version="1.0" encoding="UTF-8"?>
<!-- Generated by org.testng.reporters.JUnitReportReporter -->
<testsuite hostname="LAPTOP-7O70S0L3" failures="0" tests="1" name="testCases.TC_002_LoginTest" time="2.664" errors="0" timestamp="2024-12-25T23:16:33 IST" skipped="0">
  <testcase classname="testCases.TC_002_LoginTest" name="test_Login" time="2.664"/>
</testsuite> <!-- testCases.TC_002_LoginTest -->
